<?xml version="1.0" encoding="UTF-8"?>
<!-- Generated by org.testng.reporters.JUnitReportReporter -->
<testsuite hostname="DESKTOP-5JQ58B7" failures="0" tests="2" name="Academy.FebE2E.HomePage" time="59.764" errors="0" timestamp="2022-02-27T22:01:08 IST" skipped="0">
  <testcase classname="Academy.FebE2E.HomePage" name="basepageNavigation" time="34.262"/>
  <system-out/>
  <testcase classname="Academy.FebE2E.HomePage" name="basepageNavigation" time="25.502"/>
  <system-out/>
</testsuite> <!-- Academy.FebE2E.HomePage -->
