<?xml version="1.0" encoding="UTF-8"?>
<!-- Generated by org.testng.reporters.JUnitReportReporter -->
<testsuite hostname="DESKTOP-5JQ58B7" failures="0" tests="1" name="Academy.FebE2E.navbarValidation" time="1.133" errors="0" timestamp="2022-02-27T22:08:18 IST" skipped="0">
  <testcase classname="Academy.FebE2E.navbarValidation" name="aboutValidation" time="1.133"/>
  <system-out/>
</testsuite> <!-- Academy.FebE2E.navbarValidation -->
